build/outputs/logs/manifest-merger-debug-report.txt
-- Merging decision tree log ---
manifest
ADDED from Japanese\AndroidManifest.xml:2:1-40:12
	package
		ADDED from Japanese\AndroidManifest.xml:3:5-35
	android:versionName
		ADDED from Japanese\AndroidManifest.xml:5:5-30
		INJECTED from Japanese\AndroidManifest.xml
		INJECTED from Japanese\AndroidManifest.xml
	android:versionCode
		ADDED from Japanese\AndroidManifest.xml:4:5-28
		INJECTED from Japanese\AndroidManifest.xml
		INJECTED from Japanese\AndroidManifest.xml
	xmlns:android
		ADDED from Japanese\AndroidManifest.xml:2:11-69
uses-sdk
ADDED from Japanese\AndroidManifest.xml:7:5-9:41
	android:targetSdkVersion
		ADDED from Japanese\AndroidManifest.xml:9:9-38
	android:minSdkVersion
		ADDED from Japanese\AndroidManifest.xml:8:9-35
application
ADDED from Japanese\AndroidManifest.xml:11:5-38:19
	android:label
		ADDED from Japanese\AndroidManifest.xml:14:9-41
	android:allowBackup
		ADDED from Japanese\AndroidManifest.xml:12:9-35
	android:icon
		ADDED from Japanese\AndroidManifest.xml:13:9-45
	android:theme
		ADDED from Japanese\AndroidManifest.xml:15:9-40
activity#com.example.japanese.MainActivity
ADDED from Japanese\AndroidManifest.xml:16:9-24:20
	android:label
		ADDED from Japanese\AndroidManifest.xml:18:13-45
	android:name
		ADDED from Japanese\AndroidManifest.xml:17:13-41
intent-filter#android.intent.action.MAIN+android.intent.category.LAUNCHER
ADDED from Japanese\AndroidManifest.xml:19:13-23:29
action#android.intent.action.MAIN
ADDED from Japanese\AndroidManifest.xml:20:17-69
	android:name
		ADDED from Japanese\AndroidManifest.xml:20:25-66
category#android.intent.category.LAUNCHER
ADDED from Japanese\AndroidManifest.xml:22:17-77
	android:name
		ADDED from Japanese\AndroidManifest.xml:22:27-74
activity#com.example.japanese.RandomTestActivity
ADDED from Japanese\AndroidManifest.xml:25:9-64
	android:name
		ADDED from Japanese\AndroidManifest.xml:25:19-52
activity#com.example.japanese.ListActivity
ADDED from Japanese\AndroidManifest.xml:26:9-58
	android:name
		ADDED from Japanese\AndroidManifest.xml:26:19-46
activity#com.example.japanese.ListClickActivity
ADDED from Japanese\AndroidManifest.xml:27:9-63
	android:name
		ADDED from Japanese\AndroidManifest.xml:27:19-51
activity#com.example.practice.SetPracticeActivity
ADDED from Japanese\AndroidManifest.xml:28:9-86
	android:name
		ADDED from Japanese\AndroidManifest.xml:28:19-74
provider#com.example.japanese.DatabaseProvider
ADDED from Japanese\AndroidManifest.xml:29:9-33:20
	android:authorities
		ADDED from Japanese\AndroidManifest.xml:31:13-64
	android:exported
		ADDED from Japanese\AndroidManifest.xml:30:13-36
	android:name
		ADDED from Japanese\AndroidManifest.xml:29:19-50
activity#com.example.practice.SelectActivity
ADDED from Japanese\AndroidManifest.xml:34:9-81
	android:name
		ADDED from Japanese\AndroidManifest.xml:34:19-69
activity#com.example.practice.PracticeListActivity
ADDED from Japanese\AndroidManifest.xml:35:9-87
	android:name
		ADDED from Japanese\AndroidManifest.xml:35:19-75
activity#com.example.practice.PracticeTestActivity
ADDED from Japanese\AndroidManifest.xml:36:9-87
	android:name
		ADDED from Japanese\AndroidManifest.xml:36:19-75